Mar-29 20:05:57.162 [main] DEBUG nextflow.cli.Launcher - $> nextflow run nf-core/deepvariant -r 1.0 -profile test,docker
Mar-29 20:05:57.291 [main] INFO  nextflow.cli.CmdRun - N E X T F L O W  ~  version 20.10.0
Mar-29 20:05:57.335 [main] INFO  nextflow.cli.CmdRun - Pulling nf-core/deepvariant ...
Mar-29 20:05:57.337 [main] DEBUG nextflow.scm.RepositoryProvider - Request [credentials -:-] -> https://api.github.com/repos/nf-core/deepvariant/contents/nextflow.config
Mar-29 20:05:59.148 [main] DEBUG nextflow.scm.RepositoryProvider - Request [credentials -:-] -> https://api.github.com/repos/nf-core/deepvariant/contents/main.nf
Mar-29 20:05:59.504 [main] DEBUG nextflow.scm.RepositoryProvider - Request [credentials -:-] -> https://api.github.com/repos/nf-core/deepvariant
Mar-29 20:05:59.704 [main] DEBUG nextflow.scm.AssetManager - Pulling nf-core/deepvariant -- Using remote clone url: https://github.com/nf-core/deepvariant.git
Mar-29 20:06:03.528 [main] INFO  nextflow.cli.CmdRun -  downloaded from https://github.com/nf-core/deepvariant.git
Mar-29 20:06:03.661 [main] INFO  nextflow.cli.CmdRun - Launching `nf-core/deepvariant` [sick_hamilton] - revision: 2b5486356c [1.0]
Mar-29 20:06:03.756 [main] DEBUG nextflow.config.ConfigBuilder - Found config base: /Users/nirvaanreddy/.nextflow/assets/nf-core/deepvariant/nextflow.config
Mar-29 20:06:03.757 [main] DEBUG nextflow.config.ConfigBuilder - Parsing config file: /Users/nirvaanreddy/.nextflow/assets/nf-core/deepvariant/nextflow.config
Mar-29 20:06:03.767 [main] DEBUG nextflow.config.ConfigBuilder - Applying config profile: `test,docker`
Mar-29 20:06:04.189 [main] DEBUG nextflow.config.ConfigBuilder - Available config profiles: [standard, debug, test, conda, singularity, awsbatch, test_s3, none, docker, binac]
Mar-29 20:06:04.254 [main] DEBUG nextflow.Session - Session uuid: cf36bc44-a0e7-45ac-acb8-053573736e44
Mar-29 20:06:04.254 [main] DEBUG nextflow.Session - Run name: sick_hamilton
Mar-29 20:06:04.254 [main] DEBUG nextflow.Session - Executor pool size: 8
Mar-29 20:06:04.304 [main] DEBUG nextflow.cli.CmdRun - 
  Version: 20.10.0 build 5430
  Created: 01-11-2020 15:14 UTC (08:14 MDT)
  System: Mac OS X 10.16
  Runtime: Groovy 3.0.5 on Java HotSpot(TM) 64-Bit Server VM 14.0.2+12-46
  Encoding: UTF-8 (UTF-8)
  Process: 12806@Nirvaans-MacBook-Pro.local [10.0.1.200]
  CPUs: 8 - Mem: 8 GB (95.6 MB) - Swap: 6 GB (965.5 MB)
Mar-29 20:06:04.323 [main] DEBUG nextflow.Session - Work-dir: /Users/nirvaanreddy/Desktop/CURVE/work [Mac OS X]
Mar-29 20:06:04.393 [main] DEBUG nextflow.Session - Observer factory: TowerFactory
Mar-29 20:06:04.397 [main] DEBUG nextflow.Session - Observer factory: DefaultObserverFactory
Mar-29 20:06:04.639 [main] DEBUG nextflow.Session - Session start invoked
Mar-29 20:06:04.646 [main] DEBUG nextflow.trace.TraceFileObserver - Flow starting -- trace file: /Users/nirvaanreddy/Desktop/CURVE/results/pipeline_info/nf-core/deepvariant_trace.txt
Mar-29 20:06:06.288 [main] DEBUG nextflow.script.ScriptRunner - > Launching execution
Mar-29 20:06:06.299 [main] DEBUG nextflow.Session - Workflow process names [dsl1]: preprocess_gzfai, call_variants, preprocess_fai, preprocess_bam, make_examples, postprocess_variants, get_software_versions, preprocess_gzi, preprocess_fastagz
Mar-29 20:06:06.374 [PathVisitor-1] DEBUG nextflow.file.FileHelper - Creating a file system instance for provider: S3FileSystemProvider
Mar-29 20:06:06.399 [PathVisitor-1] DEBUG nextflow.file.FileHelper - AWS S3 config details: {}
Mar-29 20:06:06.498 [main] INFO  nextflow.Nextflow - =======================================================
                                          ,--./,-.
          ___     __   __   __   ___     /,-._.--~'
    |\ | |__  __ /  ` /  \ |__) |__         }  {
    | \| |       \__, \__/ |  \ |___     \`-._,-`-,
                                          `._,._,'
nf-core/deepvariant v1.0"
=======================================================
Mar-29 20:06:06.502 [main] INFO  nextflow.Nextflow - Pipeline Name  : nf-core/deepvariant
Pipeline Version: 1.0
Bam file       : https://github.com/nf-core/test-datasets/raw/deepvariant/testdata/NA12878_S1.chr20.10_10p1mb.bam
Bed file       : https://github.com/nf-core/test-datasets/raw/deepvariant/testdata/test_nist.b37_chr20_100kbp_at_10mb.bed
Reference genome: hg19chr20
Fasta Ref      : s3://deepvariant-data/genomes/hg19chr20/chr20.fa
Fasta Index    : s3://deepvariant-data/genomes/hg19chr20/chr20.fa.fai
Fasta gzipped  : s3://deepvariant-data/genomes/hg19chr20/chr20.fa.gz
Fasta gzipped Index: s3://deepvariant-data/genomes/hg19chr20/chr20.fa.gz.fai
Fasta bgzip Index: s3://deepvariant-data/genomes/hg19chr20/chr20.fa.gz.gzi
Max Memory     : 6 GB
Max CPUs       : 2
Max Time       : 2d
Model          : wgs
Output dir     : results
Working dir    : /Users/nirvaanreddy/Desktop/CURVE/work
Container Engine: docker
Container      : nfcore/deepvariant:1.0
Current home   : /Users/nirvaanreddy
Current user   : nirvaanreddy
Current path   : /Users/nirvaanreddy/Desktop/CURVE
Script dir     : /Users/nirvaanreddy/.nextflow/assets/nf-core/deepvariant
Config Profile : test,docker
Mar-29 20:06:06.503 [main] INFO  nextflow.Nextflow - =========================================
Mar-29 20:06:06.579 [main] DEBUG nextflow.executor.ExecutorFactory - << taskConfig executor: null
Mar-29 20:06:06.579 [main] DEBUG nextflow.executor.ExecutorFactory - >> processorType: 'local'
Mar-29 20:06:06.586 [main] DEBUG nextflow.executor.Executor - [warm up] executor > local
Mar-29 20:06:06.594 [main] DEBUG n.processor.LocalPollingMonitor - Creating local task monitor for executor 'local' > cpus=8; memory=8 GB; capacity=8; pollInterval=100ms; dumpInterval=5m
Mar-29 20:06:06.718 [main] DEBUG nextflow.script.ProcessConfig - Config settings `withName:make_examples` matches process make_examples
Mar-29 20:06:06.720 [main] DEBUG nextflow.executor.ExecutorFactory - << taskConfig executor: null
Mar-29 20:06:06.720 [main] DEBUG nextflow.executor.ExecutorFactory - >> processorType: 'local'
Mar-29 20:06:06.734 [main] DEBUG nextflow.script.ProcessConfig - Config settings `withName:call_variants` matches process call_variants
Mar-29 20:06:06.735 [main] DEBUG nextflow.executor.ExecutorFactory - << taskConfig executor: null
Mar-29 20:06:06.735 [main] DEBUG nextflow.executor.ExecutorFactory - >> processorType: 'local'
Mar-29 20:06:06.756 [main] DEBUG nextflow.script.ProcessConfig - Config settings `withName:postprocess_variants` matches process postprocess_variants
Mar-29 20:06:06.756 [main] DEBUG nextflow.executor.ExecutorFactory - << taskConfig executor: null
Mar-29 20:06:06.756 [main] DEBUG nextflow.executor.ExecutorFactory - >> processorType: 'local'
Mar-29 20:06:06.764 [main] DEBUG nextflow.executor.ExecutorFactory - << taskConfig executor: null
Mar-29 20:06:06.765 [main] DEBUG nextflow.executor.ExecutorFactory - >> processorType: 'local'
Mar-29 20:06:06.775 [main] DEBUG nextflow.script.ScriptRunner - > Await termination 
Mar-29 20:06:06.775 [main] DEBUG nextflow.Session - Session await
Mar-29 20:06:06.974 [Task submitter] DEBUG nextflow.executor.LocalTaskHandler - Launch cmd line: /bin/bash -ue .command.run
Mar-29 20:06:06.979 [Task submitter] INFO  nextflow.Session - [7e/e8ba86] Submitted process > get_software_versions
Mar-29 20:06:08.830 [Actor Thread 2] DEBUG n.util.BlockingThreadExecutorFactory - Thread pool name=FileTransfer; maxThreads=24; maxQueueSize=72; keepAlive=1m
Mar-29 20:06:08.840 [FileTransfer-thread-1] DEBUG nextflow.file.FilePorter - Copying foreign file https://github.com/nf-core/test-datasets/raw/deepvariant/testdata/NA12878_S1.chr20.10_10p1mb.bam to work dir: /Users/nirvaanreddy/Desktop/CURVE/work/stage/7d/ac162f429e5a441817c562204c4efe/NA12878_S1.chr20.10_10p1mb.bam
Mar-29 20:06:10.844 [Actor Thread 2] INFO  nextflow.file.FilePorter - Staging foreign file: https://github.com/nf-core/test-datasets/raw/deepvariant/testdata/NA12878_S1.chr20.10_10p1mb.bam
Mar-29 20:11:06.800 [Task monitor] DEBUG n.processor.TaskPollingMonitor - !! executor local > tasks to be completed: 1 -- submitted tasks are shown below
~> TaskHandler[id: 2; name: get_software_versions; status: RUNNING; exit: -; error: -; workDir: /Users/nirvaanreddy/Desktop/CURVE/work/7e/e8ba8629d0a0c74717c2e43f8a1c3f]
Mar-29 20:11:13.823 [Task submitter] DEBUG n.processor.TaskPollingMonitor - %% executor local > tasks in the submission queue: 1 -- tasks to be submitted are shown below
~> TaskHandler[id: 1; name: preprocess_bam (NA12878_S1.chr20.10_10p1mb.bam); status: NEW; exit: -; error: -; workDir: /Users/nirvaanreddy/Desktop/CURVE/work/e8/e6ef42d5e31fa89c48f4ea39fc4bb0]
Mar-29 20:16:06.818 [Task monitor] DEBUG n.processor.TaskPollingMonitor - !! executor local > tasks to be completed: 1 -- submitted tasks are shown below
~> TaskHandler[id: 2; name: get_software_versions; status: RUNNING; exit: -; error: -; workDir: /Users/nirvaanreddy/Desktop/CURVE/work/7e/e8ba8629d0a0c74717c2e43f8a1c3f]
Mar-29 20:16:14.463 [Task submitter] DEBUG n.processor.TaskPollingMonitor - %% executor local > tasks in the submission queue: 1 -- tasks to be submitted are shown below
~> TaskHandler[id: 1; name: preprocess_bam (NA12878_S1.chr20.10_10p1mb.bam); status: NEW; exit: -; error: -; workDir: /Users/nirvaanreddy/Desktop/CURVE/work/e8/e6ef42d5e31fa89c48f4ea39fc4bb0]
Mar-29 20:16:57.779 [Task monitor] DEBUG n.processor.TaskPollingMonitor - Task completed > TaskHandler[id: 2; name: get_software_versions; status: COMPLETED; exit: 0; error: -; workDir: /Users/nirvaanreddy/Desktop/CURVE/work/7e/e8ba8629d0a0c74717c2e43f8a1c3f]
Mar-29 20:16:57.861 [Task submitter] DEBUG nextflow.executor.LocalTaskHandler - Launch cmd line: /bin/bash -ue .command.run
Mar-29 20:16:57.864 [Task submitter] INFO  nextflow.Session - [e8/e6ef42] Submitted process > preprocess_bam (NA12878_S1.chr20.10_10p1mb.bam)
Mar-29 20:16:59.086 [Task monitor] DEBUG n.processor.TaskPollingMonitor - Task completed > TaskHandler[id: 1; name: preprocess_bam (NA12878_S1.chr20.10_10p1mb.bam); status: COMPLETED; exit: 0; error: -; workDir: /Users/nirvaanreddy/Desktop/CURVE/work/e8/e6ef42d5e31fa89c48f4ea39fc4bb0]
Mar-29 20:17:06.810 [FileTransfer-thread-2] DEBUG nextflow.file.FilePorter - Copying foreign file s3://deepvariant-data/genomes/hg19chr20/chr20.fa.fai to work dir: /Users/nirvaanreddy/Desktop/CURVE/work/stage/8a/f0c3a24932daf0b51710b5a084bfcc/chr20.fa.fai
Mar-29 20:17:07.001 [FileTransfer-thread-3] DEBUG nextflow.file.FilePorter - Copying foreign file s3://deepvariant-data/genomes/hg19chr20/chr20.fa.gz to work dir: /Users/nirvaanreddy/Desktop/CURVE/work/stage/bd/c17bc9a0bdf3d9a30f3bcd4040b951/chr20.fa.gz
Mar-29 20:17:07.194 [FileTransfer-thread-4] DEBUG nextflow.file.FilePorter - Copying foreign file s3://deepvariant-data/genomes/hg19chr20/chr20.fa.gz.fai to work dir: /Users/nirvaanreddy/Desktop/CURVE/work/stage/1b/8fecad79383b509e6d6965276cb94a/chr20.fa.gz.fai
Mar-29 20:17:07.391 [FileTransfer-thread-5] DEBUG nextflow.file.FilePorter - Copying foreign file s3://deepvariant-data/genomes/hg19chr20/chr20.fa.gz.gzi to work dir: /Users/nirvaanreddy/Desktop/CURVE/work/stage/53/5cc80f50be475be231393cb25a70e6/chr20.fa.gz.gzi
Mar-29 20:17:07.791 [FileTransfer-thread-6] DEBUG nextflow.file.FilePorter - Copying foreign file https://github.com/nf-core/test-datasets/raw/deepvariant/testdata/test_nist.b37_chr20_100kbp_at_10mb.bed to work dir: /Users/nirvaanreddy/Desktop/CURVE/work/stage/3d/1b5cb267e52510cb56dbf93966ff58/test_nist.b37_chr20_100kbp_at_10mb.bed
Mar-29 20:17:09.867 [Actor Thread 19] INFO  nextflow.file.FilePorter - Staging foreign file: s3://deepvariant-data/genomes/hg19chr20/chr20.fa.gz
Mar-29 20:17:14.329 [Task submitter] DEBUG nextflow.executor.LocalTaskHandler - Launch cmd line: /bin/bash -ue .command.run
Mar-29 20:17:14.329 [Task submitter] INFO  nextflow.Session - [c7/27a858] Submitted process > make_examples (NA12878_S1.chr20.10_10p1mb.bam)
Mar-29 20:17:21.452 [Task monitor] DEBUG n.processor.TaskPollingMonitor - Task completed > TaskHandler[id: 3; name: make_examples (NA12878_S1.chr20.10_10p1mb.bam); status: COMPLETED; exit: 0; error: -; workDir: /Users/nirvaanreddy/Desktop/CURVE/work/c7/27a8581ecff43b7c0ef83d53443bdb]
Mar-29 20:17:21.510 [Task submitter] DEBUG nextflow.executor.LocalTaskHandler - Launch cmd line: /bin/bash -ue .command.run
Mar-29 20:17:21.512 [Task submitter] INFO  nextflow.Session - [c3/e1b65d] Submitted process > call_variants (NA12878_S1.chr20.10_10p1mb.bam)
Mar-29 20:17:32.788 [Task monitor] DEBUG n.processor.TaskPollingMonitor - Task completed > TaskHandler[id: 4; name: call_variants (NA12878_S1.chr20.10_10p1mb.bam); status: COMPLETED; exit: 0; error: -; workDir: /Users/nirvaanreddy/Desktop/CURVE/work/c3/e1b65dd1d3ac40ddda8368faeb18d9]
Mar-29 20:17:38.351 [FileTransfer-thread-9] DEBUG nextflow.file.FilePorter - Local cache found for foreign file s3://deepvariant-data/genomes/hg19chr20/chr20.fa.gz at /Users/nirvaanreddy/Desktop/CURVE/work/stage/bd/c17bc9a0bdf3d9a30f3bcd4040b951/chr20.fa.gz
Mar-29 20:17:38.549 [FileTransfer-thread-10] DEBUG nextflow.file.FilePorter - Local cache found for foreign file s3://deepvariant-data/genomes/hg19chr20/chr20.fa.gz.fai at /Users/nirvaanreddy/Desktop/CURVE/work/stage/1b/8fecad79383b509e6d6965276cb94a/chr20.fa.gz.fai
Mar-29 20:17:38.749 [FileTransfer-thread-11] DEBUG nextflow.file.FilePorter - Local cache found for foreign file s3://deepvariant-data/genomes/hg19chr20/chr20.fa.gz.gzi at /Users/nirvaanreddy/Desktop/CURVE/work/stage/53/5cc80f50be475be231393cb25a70e6/chr20.fa.gz.gzi
Mar-29 20:17:38.769 [Task submitter] DEBUG nextflow.executor.LocalTaskHandler - Launch cmd line: /bin/bash -ue .command.run
Mar-29 20:17:38.770 [Task submitter] INFO  nextflow.Session - [56/8cc5b8] Submitted process > postprocess_variants (NA12878_S1.chr20.10_10p1mb.bam)
Mar-29 20:17:41.819 [Task monitor] DEBUG n.processor.TaskPollingMonitor - Task completed > TaskHandler[id: 5; name: postprocess_variants (NA12878_S1.chr20.10_10p1mb.bam); status: COMPLETED; exit: 0; error: -; workDir: /Users/nirvaanreddy/Desktop/CURVE/work/56/8cc5b864569b392b311b47c1a105fc]
Mar-29 20:17:41.832 [main] DEBUG nextflow.Session - Session await > all process finished
Mar-29 20:17:41.834 [main] DEBUG nextflow.Session - Session await > all barriers passed
Mar-29 20:17:42.088 [main] INFO  nextflow.Nextflow - [nf-core/deepvariant] Pipeline Complete! You can find your results in /Users/nirvaanreddy/.nextflow/assets/nf-core/deepvariant/results
Mar-29 20:17:42.097 [main] DEBUG nextflow.trace.WorkflowStatsObserver - Workflow completed > WorkflowStats[succeededCount=5; failedCount=0; ignoredCount=0; cachedCount=0; pendingCount=0; submittedCount=0; runningCount=0; retriesCount=0; abortedCount=0; succeedDuration=38.3s; failedDuration=0ms; cachedDuration=0ms;loadCpus=0; loadMemory=0; peakRunning=1; peakCpus=2; peakMemory=6 GB; ]
Mar-29 20:17:42.097 [main] DEBUG nextflow.trace.TraceFileObserver - Flow completing -- flushing trace file
Mar-29 20:17:42.100 [main] DEBUG nextflow.trace.ReportObserver - Flow completing -- rendering html report
Mar-29 20:17:42.143 [main] DEBUG nextflow.trace.ReportObserver - Execution report summary data:
  [{"cpuUsage":{"mean":54.1,"min":54.1,"q1":54.1,"q2":54.1,"q3":54.1,"max":54.1,"minLabel":"get_software_versions","maxLabel":"get_software_versions","q1Label":"get_software_versions","q2Label":"get_software_versions","q3Label":"get_software_versions"},"process":"get_software_versions","mem":{"mean":3256320,"min":3256320,"q1":3256320,"q2":3256320,"q3":3256320,"max":3256320,"minLabel":"get_software_versions","maxLabel":"get_software_versions","q1Label":"get_software_versions","q2Label":"get_software_versions","q3Label":"get_software_versions"},"memUsage":{"mean":0.05,"min":0.05,"q1":0.05,"q2":0.05,"q3":0.05,"max":0.05,"minLabel":"get_software_versions","maxLabel":"get_software_versions","q1Label":"get_software_versions","q2Label":"get_software_versions","q3Label":"get_software_versions"},"timeUsage":{"mean":0.01,"min":0.01,"q1":0.01,"q2":0.01,"q3":0.01,"max":0.01,"minLabel":"get_software_versions","maxLabel":"get_software_versions","q1Label":"get_software_versions","q2Label":"get_software_versions","q3Label":"get_software_versions"},"vmem":{"mean":20189184,"min":20189184,"q1":20189184,"q2":20189184,"q3":20189184,"max":20189184,"minLabel":"get_software_versions","maxLabel":"get_software_versions","q1Label":"get_software_versions","q2Label":"get_software_versions","q3Label":"get_software_versions"},"reads":{"mean":7505312,"min":7505312,"q1":7505312,"q2":7505312,"q3":7505312,"max":7505312,"minLabel":"get_software_versions","maxLabel":"get_software_versions","q1Label":"get_software_versions","q2Label":"get_software_versions","q3Label":"get_software_versions"},"cpu":{"mean":54.1,"min":54.1,"q1":54.1,"q2":54.1,"q3":54.1,"max":54.1,"minLabel":"get_software_versions","maxLabel":"get_software_versions","q1Label":"get_software_versions","q2Label":"get_software_versions","q3Label":"get_software_versions"},"time":{"mean":1001,"min":1001,"q1":1001,"q2":1001,"q3":1001,"max":1001,"minLabel":"get_software_versions","maxLabel":"get_software_versions","q1Label":"get_software_versions","q2Label":"get_software_versions","q3Label":"get_software_versions"},"writes":{"mean":30167,"min":30167,"q1":30167,"q2":30167,"q3":30167,"max":30167,"minLabel":"get_software_versions","maxLabel":"get_software_versions","q1Label":"get_software_versions","q2Label":"get_software_versions","q3Label":"get_software_versions"}},{"cpuUsage":{"mean":38.9,"min":38.9,"q1":38.9,"q2":38.9,"q3":38.9,"max":38.9,"minLabel":"preprocess_bam (NA12878_S1.chr20.10_10p1mb.bam)","maxLabel":"preprocess_bam (NA12878_S1.chr20.10_10p1mb.bam)","q1Label":"preprocess_bam (NA12878_S1.chr20.10_10p1mb.bam)","q2Label":"preprocess_bam (NA12878_S1.chr20.10_10p1mb.bam)","q3Label":"preprocess_bam (NA12878_S1.chr20.10_10p1mb.bam)"},"process":"preprocess_bam","mem":{"mean":3235840,"min":3235840,"q1":3235840,"q2":3235840,"q3":3235840,"max":3235840,"minLabel":"preprocess_bam (NA12878_S1.chr20.10_10p1mb.bam)","maxLabel":"preprocess_bam (NA12878_S1.chr20.10_10p1mb.bam)","q1Label":"preprocess_bam (NA12878_S1.chr20.10_10p1mb.bam)","q2Label":"preprocess_bam (NA12878_S1.chr20.10_10p1mb.bam)","q3Label":"preprocess_bam (NA12878_S1.chr20.10_10p1mb.bam)"},"memUsage":{"mean":0.05,"min":0.05,"q1":0.05,"q2":0.05,"q3":0.05,"max":0.05,"minLabel":"preprocess_bam (NA12878_S1.chr20.10_10p1mb.bam)","maxLabel":"preprocess_bam (NA12878_S1.chr20.10_10p1mb.bam)","q1Label":"preprocess_bam (NA12878_S1.chr20.10_10p1mb.bam)","q2Label":"preprocess_bam (NA12878_S1.chr20.10_10p1mb.bam)","q3Label":"preprocess_bam (NA12878_S1.chr20.10_10p1mb.bam)"},"timeUsage":null,"vmem":{"mean":20189184,"min":20189184,"q1":20189184,"q2":20189184,"q3":20189184,"max":20189184,"minLabel":"preprocess_bam (NA12878_S1.chr20.10_10p1mb.bam)","maxLabel":"preprocess_bam (NA12878_S1.chr20.10_10p1mb.bam)","q1Label":"preprocess_bam (NA12878_S1.chr20.10_10p1mb.bam)","q2Label":"preprocess_bam (NA12878_S1.chr20.10_10p1mb.bam)","q3Label":"preprocess_bam (NA12878_S1.chr20.10_10p1mb.bam)"},"reads":{"mean":4032344,"min":4032344,"q1":4032344,"q2":4032344,"q3":4032344,"max":4032344,"minLabel":"preprocess_bam (NA12878_S1.chr20.10_10p1mb.bam)","maxLabel":"preprocess_bam (NA12878_S1.chr20.10_10p1mb.bam)","q1Label":"preprocess_bam (NA12878_S1.chr20.10_10p1mb.bam)","q2Label":"preprocess_bam (NA12878_S1.chr20.10_10p1mb.bam)","q3Label":"preprocess_bam (NA12878_S1.chr20.10_10p1mb.bam)"},"cpu":{"mean":38.9,"min":38.9,"q1":38.9,"q2":38.9,"q3":38.9,"max":38.9,"minLabel":"preprocess_bam (NA12878_S1.chr20.10_10p1mb.bam)","maxLabel":"preprocess_bam (NA12878_S1.chr20.10_10p1mb.bam)","q1Label":"preprocess_bam (NA12878_S1.chr20.10_10p1mb.bam)","q2Label":"preprocess_bam (NA12878_S1.chr20.10_10p1mb.bam)","q3Label":"preprocess_bam (NA12878_S1.chr20.10_10p1mb.bam)"},"time":{"mean":294,"min":294,"q1":294,"q2":294,"q3":294,"max":294,"minLabel":"preprocess_bam (NA12878_S1.chr20.10_10p1mb.bam)","maxLabel":"preprocess_bam (NA12878_S1.chr20.10_10p1mb.bam)","q1Label":"preprocess_bam (NA12878_S1.chr20.10_10p1mb.bam)","q2Label":"preprocess_bam (NA12878_S1.chr20.10_10p1mb.bam)","q3Label":"preprocess_bam (NA12878_S1.chr20.10_10p1mb.bam)"},"writes":{"mean":6380,"min":6380,"q1":6380,"q2":6380,"q3":6380,"max":6380,"minLabel":"preprocess_bam (NA12878_S1.chr20.10_10p1mb.bam)","maxLabel":"preprocess_bam (NA12878_S1.chr20.10_10p1mb.bam)","q1Label":"preprocess_bam (NA12878_S1.chr20.10_10p1mb.bam)","q2Label":"preprocess_bam (NA12878_S1.chr20.10_10p1mb.bam)","q3Label":"preprocess_bam (NA12878_S1.chr20.10_10p1mb.bam)"}},{"cpuUsage":{"mean":77.6,"min":77.6,"q1":77.6,"q2":77.6,"q3":77.6,"max":77.6,"minLabel":"make_examples (NA12878_S1.chr20.10_10p1mb.bam)","maxLabel":"make_examples (NA12878_S1.chr20.10_10p1mb.bam)","q1Label":"make_examples (NA12878_S1.chr20.10_10p1mb.bam)","q2Label":"make_examples (NA12878_S1.chr20.10_10p1mb.bam)","q3Label":"make_examples (NA12878_S1.chr20.10_10p1mb.bam)"},"process":"make_examples","mem":{"mean":428478464,"min":428478464,"q1":428478464,"q2":428478464,"q3":428478464,"max":428478464,"minLabel":"make_examples (NA12878_S1.chr20.10_10p1mb.bam)","maxLabel":"make_examples (NA12878_S1.chr20.10_10p1mb.bam)","q1Label":"make_examples (NA12878_S1.chr20.10_10p1mb.bam)","q2Label":"make_examples (NA12878_S1.chr20.10_10p1mb.bam)","q3Label":"make_examples (NA12878_S1.chr20.10_10p1mb.bam)"},"memUsage":{"mean":9.98,"min":9.98,"q1":9.98,"q2":9.98,"q3":9.98,"max":9.98,"minLabel":"make_examples (NA12878_S1.chr20.10_10p1mb.bam)","maxLabel":"make_examples (NA12878_S1.chr20.10_10p1mb.bam)","q1Label":"make_examples (NA12878_S1.chr20.10_10p1mb.bam)","q2Label":"make_examples (NA12878_S1.chr20.10_10p1mb.bam)","q3Label":"make_examples (NA12878_S1.chr20.10_10p1mb.bam)"},"timeUsage":{"mean":0.02,"min":0.02,"q1":0.02,"q2":0.02,"q3":0.02,"max":0.02,"minLabel":"make_examples (NA12878_S1.chr20.10_10p1mb.bam)","maxLabel":"make_examples (NA12878_S1.chr20.10_10p1mb.bam)","q1Label":"make_examples (NA12878_S1.chr20.10_10p1mb.bam)","q2Label":"make_examples (NA12878_S1.chr20.10_10p1mb.bam)","q3Label":"make_examples (NA12878_S1.chr20.10_10p1mb.bam)"},"vmem":{"mean":2052952064,"min":2052952064,"q1":2052952064,"q2":2052952064,"q3":2052952064,"max":2052952064,"minLabel":"make_examples (NA12878_S1.chr20.10_10p1mb.bam)","maxLabel":"make_examples (NA12878_S1.chr20.10_10p1mb.bam)","q1Label":"make_examples (NA12878_S1.chr20.10_10p1mb.bam)","q2Label":"make_examples (NA12878_S1.chr20.10_10p1mb.bam)","q3Label":"make_examples (NA12878_S1.chr20.10_10p1mb.bam)"},"reads":{"mean":85682964,"min":85682964,"q1":85682964,"q2":85682964,"q3":85682964,"max":85682964,"minLabel":"make_examples (NA12878_S1.chr20.10_10p1mb.bam)","maxLabel":"make_examples (NA12878_S1.chr20.10_10p1mb.bam)","q1Label":"make_examples (NA12878_S1.chr20.10_10p1mb.bam)","q2Label":"make_examples (NA12878_S1.chr20.10_10p1mb.bam)","q3Label":"make_examples (NA12878_S1.chr20.10_10p1mb.bam)"},"cpu":{"mean":155.2,"min":155.2,"q1":155.2,"q2":155.2,"q3":155.2,"max":155.2,"minLabel":"make_examples (NA12878_S1.chr20.10_10p1mb.bam)","maxLabel":"make_examples (NA12878_S1.chr20.10_10p1mb.bam)","q1Label":"make_examples (NA12878_S1.chr20.10_10p1mb.bam)","q2Label":"make_examples (NA12878_S1.chr20.10_10p1mb.bam)","q3Label":"make_examples (NA12878_S1.chr20.10_10p1mb.bam)"},"time":{"mean":5882,"min":5882,"q1":5882,"q2":5882,"q3":5882,"max":5882,"minLabel":"make_examples (NA12878_S1.chr20.10_10p1mb.bam)","maxLabel":"make_examples (NA12878_S1.chr20.10_10p1mb.bam)","q1Label":"make_examples (NA12878_S1.chr20.10_10p1mb.bam)","q2Label":"make_examples (NA12878_S1.chr20.10_10p1mb.bam)","q3Label":"make_examples (NA12878_S1.chr20.10_10p1mb.bam)"},"writes":{"mean":61193453,"min":61193453,"q1":61193453,"q2":61193453,"q3":61193453,"max":61193453,"minLabel":"make_examples (NA12878_S1.chr20.10_10p1mb.bam)","maxLabel":"make_examples (NA12878_S1.chr20.10_10p1mb.bam)","q1Label":"make_examples (NA12878_S1.chr20.10_10p1mb.bam)","q2Label":"make_examples (NA12878_S1.chr20.10_10p1mb.bam)","q3Label":"make_examples (NA12878_S1.chr20.10_10p1mb.bam)"}},{"cpuUsage":{"mean":69.2,"min":69.2,"q1":69.2,"q2":69.2,"q3":69.2,"max":69.2,"minLabel":"call_variants (NA12878_S1.chr20.10_10p1mb.bam)","maxLabel":"call_variants (NA12878_S1.chr20.10_10p1mb.bam)","q1Label":"call_variants (NA12878_S1.chr20.10_10p1mb.bam)","q2Label":"call_variants (NA12878_S1.chr20.10_10p1mb.bam)","q3Label":"call_variants (NA12878_S1.chr20.10_10p1mb.bam)"},"process":"call_variants","mem":{"mean":866336768,"min":866336768,"q1":866336768,"q2":866336768,"q3":866336768,"max":866336768,"minLabel":"call_variants (NA12878_S1.chr20.10_10p1mb.bam)","maxLabel":"call_variants (NA12878_S1.chr20.10_10p1mb.bam)","q1Label":"call_variants (NA12878_S1.chr20.10_10p1mb.bam)","q2Label":"call_variants (NA12878_S1.chr20.10_10p1mb.bam)","q3Label":"call_variants (NA12878_S1.chr20.10_10p1mb.bam)"},"memUsage":{"mean":20.17,"min":20.17,"q1":20.17,"q2":20.17,"q3":20.17,"max":20.17,"minLabel":"call_variants (NA12878_S1.chr20.10_10p1mb.bam)","maxLabel":"call_variants (NA12878_S1.chr20.10_10p1mb.bam)","q1Label":"call_variants (NA12878_S1.chr20.10_10p1mb.bam)","q2Label":"call_variants (NA12878_S1.chr20.10_10p1mb.bam)","q3Label":"call_variants (NA12878_S1.chr20.10_10p1mb.bam)"},"timeUsage":{"mean":0.03,"min":0.03,"q1":0.03,"q2":0.03,"q3":0.03,"max":0.03,"minLabel":"call_variants (NA12878_S1.chr20.10_10p1mb.bam)","maxLabel":"call_variants (NA12878_S1.chr20.10_10p1mb.bam)","q1Label":"call_variants (NA12878_S1.chr20.10_10p1mb.bam)","q2Label":"call_variants (NA12878_S1.chr20.10_10p1mb.bam)","q3Label":"call_variants (NA12878_S1.chr20.10_10p1mb.bam)"},"vmem":{"mean":2970402816,"min":2970402816,"q1":2970402816,"q2":2970402816,"q3":2970402816,"max":2970402816,"minLabel":"call_variants (NA12878_S1.chr20.10_10p1mb.bam)","maxLabel":"call_variants (NA12878_S1.chr20.10_10p1mb.bam)","q1Label":"call_variants (NA12878_S1.chr20.10_10p1mb.bam)","q2Label":"call_variants (NA12878_S1.chr20.10_10p1mb.bam)","q3Label":"call_variants (NA12878_S1.chr20.10_10p1mb.bam)"},"reads":{"mean":346499640,"min":346499640,"q1":346499640,"q2":346499640,"q3":346499640,"max":346499640,"minLabel":"call_variants (NA12878_S1.chr20.10_10p1mb.bam)","maxLabel":"call_variants (NA12878_S1.chr20.10_10p1mb.bam)","q1Label":"call_variants (NA12878_S1.chr20.10_10p1mb.bam)","q2Label":"call_variants (NA12878_S1.chr20.10_10p1mb.bam)","q3Label":"call_variants (NA12878_S1.chr20.10_10p1mb.bam)"},"cpu":{"mean":138.4,"min":138.4,"q1":138.4,"q2":138.4,"q3":138.4,"max":138.4,"minLabel":"call_variants (NA12878_S1.chr20.10_10p1mb.bam)","maxLabel":"call_variants (NA12878_S1.chr20.10_10p1mb.bam)","q1Label":"call_variants (NA12878_S1.chr20.10_10p1mb.bam)","q2Label":"call_variants (NA12878_S1.chr20.10_10p1mb.bam)","q3Label":"call_variants (NA12878_S1.chr20.10_10p1mb.bam)"},"time":{"mean":10374,"min":10374,"q1":10374,"q2":10374,"q3":10374,"max":10374,"minLabel":"call_variants (NA12878_S1.chr20.10_10p1mb.bam)","maxLabel":"call_variants (NA12878_S1.chr20.10_10p1mb.bam)","q1Label":"call_variants (NA12878_S1.chr20.10_10p1mb.bam)","q2Label":"call_variants (NA12878_S1.chr20.10_10p1mb.bam)","q3Label":"call_variants (NA12878_S1.chr20.10_10p1mb.bam)"},"writes":{"mean":21179507,"min":21179507,"q1":21179507,"q2":21179507,"q3":21179507,"max":21179507,"minLabel":"call_variants (NA12878_S1.chr20.10_10p1mb.bam)","maxLabel":"call_variants (NA12878_S1.chr20.10_10p1mb.bam)","q1Label":"call_variants (NA12878_S1.chr20.10_10p1mb.bam)","q2Label":"call_variants (NA12878_S1.chr20.10_10p1mb.bam)","q3Label":"call_variants (NA12878_S1.chr20.10_10p1mb.bam)"}},{"cpuUsage":{"mean":41.7,"min":41.7,"q1":41.7,"q2":41.7,"q3":41.7,"max":41.7,"minLabel":"postprocess_variants (NA12878_S1.chr20.10_10p1mb.bam)","maxLabel":"postprocess_variants (NA12878_S1.chr20.10_10p1mb.bam)","q1Label":"postprocess_variants (NA12878_S1.chr20.10_10p1mb.bam)","q2Label":"postprocess_variants (NA12878_S1.chr20.10_10p1mb.bam)","q3Label":"postprocess_variants (NA12878_S1.chr20.10_10p1mb.bam)"},"process":"postprocess_variants","mem":{"mean":138543104,"min":138543104,"q1":138543104,"q2":138543104,"q3":138543104,"max":138543104,"minLabel":"postprocess_variants (NA12878_S1.chr20.10_10p1mb.bam)","maxLabel":"postprocess_variants (NA12878_S1.chr20.10_10p1mb.bam)","q1Label":"postprocess_variants (NA12878_S1.chr20.10_10p1mb.bam)","q2Label":"postprocess_variants (NA12878_S1.chr20.10_10p1mb.bam)","q3Label":"postprocess_variants (NA12878_S1.chr20.10_10p1mb.bam)"},"memUsage":{"mean":3.23,"min":3.23,"q1":3.23,"q2":3.23,"q3":3.23,"max":3.23,"minLabel":"postprocess_variants (NA12878_S1.chr20.10_10p1mb.bam)","maxLabel":"postprocess_variants (NA12878_S1.chr20.10_10p1mb.bam)","q1Label":"postprocess_variants (NA12878_S1.chr20.10_10p1mb.bam)","q2Label":"postprocess_variants (NA12878_S1.chr20.10_10p1mb.bam)","q3Label":"postprocess_variants (NA12878_S1.chr20.10_10p1mb.bam)"},"timeUsage":{"mean":0.01,"min":0.01,"q1":0.01,"q2":0.01,"q3":0.01,"max":0.01,"minLabel":"postprocess_variants (NA12878_S1.chr20.10_10p1mb.bam)","maxLabel":"postprocess_variants (NA12878_S1.chr20.10_10p1mb.bam)","q1Label":"postprocess_variants (NA12878_S1.chr20.10_10p1mb.bam)","q2Label":"postprocess_variants (NA12878_S1.chr20.10_10p1mb.bam)","q3Label":"postprocess_variants (NA12878_S1.chr20.10_10p1mb.bam)"},"vmem":{"mean":650616832,"min":650616832,"q1":650616832,"q2":650616832,"q3":650616832,"max":650616832,"minLabel":"postprocess_variants (NA12878_S1.chr20.10_10p1mb.bam)","maxLabel":"postprocess_variants (NA12878_S1.chr20.10_10p1mb.bam)","q1Label":"postprocess_variants (NA12878_S1.chr20.10_10p1mb.bam)","q2Label":"postprocess_variants (NA12878_S1.chr20.10_10p1mb.bam)","q3Label":"postprocess_variants (NA12878_S1.chr20.10_10p1mb.bam)"},"reads":{"mean":36006479,"min":36006479,"q1":36006479,"q2":36006479,"q3":36006479,"max":36006479,"minLabel":"postprocess_variants (NA12878_S1.chr20.10_10p1mb.bam)","maxLabel":"postprocess_variants (NA12878_S1.chr20.10_10p1mb.bam)","q1Label":"postprocess_variants (NA12878_S1.chr20.10_10p1mb.bam)","q2Label":"postprocess_variants (NA12878_S1.chr20.10_10p1mb.bam)","q3Label":"postprocess_variants (NA12878_S1.chr20.10_10p1mb.bam)"},"cpu":{"mean":83.4,"min":83.4,"q1":83.4,"q2":83.4,"q3":83.4,"max":83.4,"minLabel":"postprocess_variants (NA12878_S1.chr20.10_10p1mb.bam)","maxLabel":"postprocess_variants (NA12878_S1.chr20.10_10p1mb.bam)","q1Label":"postprocess_variants (NA12878_S1.chr20.10_10p1mb.bam)","q2Label":"postprocess_variants (NA12878_S1.chr20.10_10p1mb.bam)","q3Label":"postprocess_variants (NA12878_S1.chr20.10_10p1mb.bam)"},"time":{"mean":2240,"min":2240,"q1":2240,"q2":2240,"q3":2240,"max":2240,"minLabel":"postprocess_variants (NA12878_S1.chr20.10_10p1mb.bam)","maxLabel":"postprocess_variants (NA12878_S1.chr20.10_10p1mb.bam)","q1Label":"postprocess_variants (NA12878_S1.chr20.10_10p1mb.bam)","q2Label":"postprocess_variants (NA12878_S1.chr20.10_10p1mb.bam)","q3Label":"postprocess_variants (NA12878_S1.chr20.10_10p1mb.bam)"},"writes":{"mean":27184702,"min":27184702,"q1":27184702,"q2":27184702,"q3":27184702,"max":27184702,"minLabel":"postprocess_variants (NA12878_S1.chr20.10_10p1mb.bam)","maxLabel":"postprocess_variants (NA12878_S1.chr20.10_10p1mb.bam)","q1Label":"postprocess_variants (NA12878_S1.chr20.10_10p1mb.bam)","q2Label":"postprocess_variants (NA12878_S1.chr20.10_10p1mb.bam)","q3Label":"postprocess_variants (NA12878_S1.chr20.10_10p1mb.bam)"}}]
Mar-29 20:17:42.878 [main] DEBUG nextflow.trace.TimelineObserver - Flow completing -- rendering html timeline
Mar-29 20:17:42.951 [main] WARN  nextflow.dag.GraphvizRenderer - To render the execution DAG in the required format it is required to install Graphviz -- See http://www.graphviz.org for more info.
Mar-29 20:17:43.167 [main] DEBUG nextflow.CacheDB - Closing CacheDB done
Mar-29 20:17:43.171 [main] DEBUG nextflow.util.SpuriousDeps - AWS S3 uploader shutdown
Mar-29 20:17:43.191 [main] DEBUG nextflow.script.ScriptRunner - > Execution complete -- Goodbye
